<?xml version="1.0" encoding="UTF-8"?>
<!-- Generated by org.testng.reporters.JUnitReportReporter -->
<testsuite hostname="MSI" failures="0" tests="2" name="testcases.LoginTest" time="28.823" errors="0" timestamp="02 Mar 2024 17:35:42 GMT" skipped="0">
  <testcase classname="testcases.LoginTest" name="LoginSuccessTest" time="17.062"/>
  <testcase classname="testcases.LoginTest" name="LoginFailiureTest" time="11.761"/>
</testsuite> <!-- testcases.LoginTest -->
