<?xml version="1.0" encoding="UTF-8"?>
<!-- Generated by org.testng.reporters.JUnitReportReporter -->
<testsuite hostname="MSI" failures="0" tests="2" name="testcases.LoginTest" time="43.262" errors="0" timestamp="10 Mar 2024 15:41:03 GMT" skipped="0">
  <testcase classname="testcases.LoginTest" name="LoginFailiureTest" time="19.942"/>
  <testcase classname="testcases.LoginTest" name="LoginSuccessTest" time="23.320"/>
</testsuite> <!-- testcases.LoginTest -->
